<?xml version="1.0" encoding="UTF-8"?>
<!-- Generated by org.testng.reporters.JUnitXMLReporter -->
<testsuite hostname="LAPTOP-KP8GOHLB" ignored="0" name="Test" tests="3" failures="2" timestamp="24 Feb 2022 13:06:57 GMT" time="1.593" errors="0">
  <testcase name="test01" time="0.035" classname="Test.LoginTest"/>
  <testcase name="test02" time="0.528" classname="Test.LoginTest">
    <failure type="java.lang.AssertionError" message="expected [JavaByKiran | Dashboard] but found [JavaByKiran | Log in]">
      <![CDATA[java.lang.AssertionError: expected [JavaByKiran | Dashboard] but found [JavaByKiran | Log in]
at Test.LoginTest.test02(LoginTest.java:42)
... Removed 31 stack frames]]>
    </failure>
  </testcase> <!-- test02 -->
  <testcase name="test02" time="1.138" classname="Test.LoginTest">
    <failure type="java.lang.NullPointerException">
      <![CDATA[java.lang.NullPointerException
at java.io.File.<init>(File.java:277)
at Base.BaseNew.takeScreenShot(BaseNew.java:62)
at Listener.ListnerEx.onTestFailure(ListnerEx.java:28)
... Removed 22 stack frames]]>
    </failure>
  </testcase> <!-- test02 -->
</testsuite> <!-- Test -->
