<?xml version="1.0" encoding="UTF-8"?>
<testng-results skipped="0" failed="0" ignored="0" total="1" passed="1">
  <reporter-output>
  </reporter-output>
  <suite name="Default suite" duration-ms="20972" started-at="2023-01-12T17:06:49Z" finished-at="2023-01-12T17:07:10Z">
    <groups>
    </groups>
    <test name="Default test" duration-ms="20972" started-at="2023-01-12T17:06:49Z" finished-at="2023-01-12T17:07:10Z">
      <class name="Test.DashboardPageTest">
        <test-method status="PASS" signature="setup()[pri:0, instance:Test.DashboardPageTest@12d4bf7e]" name="setup" is-config="true" duration-ms="11712" started-at="2023-01-12T17:06:38Z" finished-at="2023-01-12T17:06:49Z">
          <reporter-output>
          </reporter-output>
        </test-method> <!-- setup -->
        <test-method status="PASS" signature="verifyCoordinates()[pri:0, instance:Test.DashboardPageTest@12d4bf7e]" name="verifyCoordinates" duration-ms="20934" started-at="2023-01-12T17:06:49Z" finished-at="2023-01-12T17:07:10Z">
          <reporter-output>
          </reporter-output>
        </test-method> <!-- verifyCoordinates -->
        <test-method status="FAIL" signature="tearDown()[pri:0, instance:Test.DashboardPageTest@12d4bf7e]" name="tearDown" is-config="true" duration-ms="1" started-at="2023-01-12T17:07:10Z" finished-at="2023-01-12T17:07:10Z">
          <exception class="java.lang.NullPointerException">
            <full-stacktrace>
              <![CDATA[java.lang.NullPointerException
at Test.DashboardPageTest.tearDown(DashboardPageTest.java:47)
at sun.reflect.NativeMethodAccessorImpl.invoke0(Native Method)
at sun.reflect.NativeMethodAccessorImpl.invoke(NativeMethodAccessorImpl.java:62)
at sun.reflect.DelegatingMethodAccessorImpl.invoke(DelegatingMethodAccessorImpl.java:43)
at java.lang.reflect.Method.invoke(Method.java:498)
at org.testng.internal.MethodInvocationHelper.invokeMethod(MethodInvocationHelper.java:124)
at org.testng.internal.MethodInvocationHelper.invokeMethodConsideringTimeout(MethodInvocationHelper.java:59)
at org.testng.internal.Invoker.invokeConfigurationMethod(Invoker.java:458)
at org.testng.internal.Invoker.invokeConfigurations(Invoker.java:222)
at org.testng.internal.Invoker.invokeConfigurations(Invoker.java:142)
at org.testng.SuiteRunner.privateRun(SuiteRunner.java:425)
at org.testng.SuiteRunner.run(SuiteRunner.java:364)
at org.testng.SuiteRunnerWorker.runSuite(SuiteRunnerWorker.java:52)
at org.testng.SuiteRunnerWorker.run(SuiteRunnerWorker.java:84)
at org.testng.TestNG.runSuitesSequentially(TestNG.java:1208)
at org.testng.TestNG.runSuitesLocally(TestNG.java:1137)
at org.testng.TestNG.runSuites(TestNG.java:1049)
at org.testng.TestNG.run(TestNG.java:1017)
at org.testng.remote.AbstractRemoteTestNG.run(AbstractRemoteTestNG.java:115)
at org.testng.remote.RemoteTestNG.initAndRun(RemoteTestNG.java:251)
at org.testng.remote.RemoteTestNG.main(RemoteTestNG.java:77)
]]>
            </full-stacktrace>
          </exception> <!-- java.lang.NullPointerException -->
          <reporter-output>
          </reporter-output>
        </test-method> <!-- tearDown -->
      </class> <!-- Test.DashboardPageTest -->
    </test> <!-- Default test -->
  </suite> <!-- Default suite -->
</testng-results>
